2019-七月-16 01:02:54.434 INFO  [main] c.w.s.SpringbootApplication - Starting SpringbootApplication on WJJJ with PID 496 (E:\GitHub\springboot\target\classes started by WJJJ in E:\GitHub\springboot)
2019-七月-16 01:02:54.437 INFO  [main] c.w.s.SpringbootApplication - No active profile set, falling back to default profiles: default
2019-七月-16 01:02:56.068 INFO  [main] o.s.b.w.e.t.TomcatWebServer - Tomcat initialized with port(s): 8080 (http)
2019-七月-16 01:02:56.093 INFO  [main] o.a.c.c.StandardService - Starting service [Tomcat]
2019-七月-16 01:02:56.093 INFO  [main] o.a.c.c.StandardEngine - Starting Servlet engine: [Apache Tomcat/9.0.21]
2019-七月-16 01:02:56.203 INFO  [main] o.a.c.c.C.[.[.[/] - Initializing Spring embedded WebApplicationContext
2019-七月-16 01:02:56.204 INFO  [main] o.s.w.c.ContextLoader - Root WebApplicationContext: initialization completed in 1705 ms
2019-七月-16 01:02:56.543 INFO  [main] o.s.s.c.ThreadPoolTaskExecutor - Initializing ExecutorService 'applicationTaskExecutor'
2019-七月-16 01:02:56.773 WARN  [main] o.s.b.a.f.FreeMarkerAutoConfiguration - Cannot find template location(s): [classpath:/templates/] (please add some templates, check your FreeMarker configuration, or set spring.freemarker.checkTemplateLocation=false)
2019-七月-16 01:02:56.810 INFO  [main] c.z.h.HikariDataSource - HikariPool-1 - Starting...
2019-七月-16 01:02:56.904 INFO  [main] c.z.h.HikariDataSource - HikariPool-1 - Start completed.
2019-七月-16 01:02:56.964 INFO  [main] o.q.i.StdSchedulerFactory - Using default implementation for ThreadExecutor
2019-七月-16 01:02:56.975 INFO  [main] o.q.c.SchedulerSignalerImpl - Initialized Scheduler Signaller of type: class org.quartz.core.SchedulerSignalerImpl
2019-七月-16 01:02:56.975 INFO  [main] o.q.c.QuartzScheduler - Quartz Scheduler v.2.3.1 created.
2019-七月-16 01:02:56.976 INFO  [main] o.q.s.RAMJobStore - RAMJobStore initialized.
2019-七月-16 01:02:56.977 INFO  [main] o.q.c.QuartzScheduler - Scheduler meta-data: Quartz Scheduler (v2.3.1) 'quartzScheduler' with instanceId 'NON_CLUSTERED'
  Scheduler class: 'org.quartz.core.QuartzScheduler' - running locally.
  NOT STARTED.
  Currently in standby mode.
  Number of jobs executed: 0
  Using thread pool 'org.quartz.simpl.SimpleThreadPool' - with 10 threads.
  Using job-store 'org.quartz.simpl.RAMJobStore' - which does not support persistence. and is not clustered.

2019-七月-16 01:02:56.977 INFO  [main] o.q.i.StdSchedulerFactory - Quartz scheduler 'quartzScheduler' initialized from an externally provided properties instance.
2019-七月-16 01:02:56.977 INFO  [main] o.q.i.StdSchedulerFactory - Quartz scheduler version: 2.3.1
2019-七月-16 01:02:56.977 INFO  [main] o.q.c.QuartzScheduler - JobFactory set to: org.springframework.scheduling.quartz.SpringBeanJobFactory@3cb49121
2019-七月-16 01:02:56.989 INFO  [main] o.s.s.c.ThreadPoolTaskScheduler - Initializing ExecutorService 'taskScheduler'
2019-七月-16 01:02:57.050 INFO  [main] o.s.s.q.SchedulerFactoryBean - Starting Quartz Scheduler now
2019-七月-16 01:02:57.051 INFO  [main] o.q.c.QuartzScheduler - Scheduler quartzScheduler_$_NON_CLUSTERED started.
2019-七月-16 01:02:57.093 INFO  [main] o.s.b.w.e.t.TomcatWebServer - Tomcat started on port(s): 8080 (http) with context path ''
2019-七月-16 01:02:57.097 INFO  [main] c.w.s.SpringbootApplication - Started SpringbootApplication in 3.327 seconds (JVM running for 8.591)
2019-七月-16 01:03:00.003 INFO  [scheduling-1] c.w.s.q.SchedulerTask - #########  info  #########
2019-七月-16 01:03:06.005 INFO  [scheduling-1] c.w.s.q.SchedulerTask - #########  info  #########
2019-七月-16 01:03:12.001 INFO  [scheduling-1] c.w.s.q.SchedulerTask - #########  info  #########
2019-七月-16 01:03:18.002 INFO  [scheduling-1] c.w.s.q.SchedulerTask - #########  info  #########
2019-七月-16 01:03:24.001 INFO  [scheduling-1] c.w.s.q.SchedulerTask - #########  info  #########
2019-七月-16 01:03:30.003 INFO  [scheduling-1] c.w.s.q.SchedulerTask - #########  info  #########
2019-七月-16 01:03:36.002 INFO  [scheduling-1] c.w.s.q.SchedulerTask - #########  info  #########
2019-七月-16 01:03:42.031 INFO  [scheduling-1] c.w.s.q.SchedulerTask - #########  info  #########
2019-七月-16 01:03:48.004 INFO  [scheduling-1] c.w.s.q.SchedulerTask - #########  info  #########
2019-七月-16 01:03:54.011 INFO  [scheduling-1] c.w.s.q.SchedulerTask - #########  info  #########
2019-七月-16 01:04:00.004 INFO  [scheduling-1] c.w.s.q.SchedulerTask - #########  info  #########
